
DRFENAZEPAM-ой	Mon Aug 11 10:53:50 2014
	Fatal lock manager error: inconsistent lock table version number; found 145, expected 17, errno: 183


DRFENAZEPAM-ой	Mon Aug 11 10:53:50 2014
	Database: D:\CLEVERFLOW\BWL.STORAGE.UNIVERSALORM\BWL.STORAGE.UNIVERSALORM\BWL.STORAGE.UNIVERSALORM.ADODB.TEST\DATA\TESTDB.FDB
	lock manager error
	inconsistent lock table version number; found 145, expected 17


DRFENAZEPAM-ой	Mon Aug 11 10:53:56 2014
	Fatal lock manager error: inconsistent lock table version number; found 145, expected 17, errno: 183


DRFENAZEPAM-ой	Mon Aug 11 10:53:56 2014
	Database: D:\CLEVERFLOW\BWL.STORAGE.UNIVERSALORM\BWL.STORAGE.UNIVERSALORM\BWL.STORAGE.UNIVERSALORM.ADODB.TEST\DATA\TESTDB.FDB
	lock manager error
	inconsistent lock table version number; found 145, expected 17


DRFENAZEPAM-ой	Mon Aug 11 11:42:04 2014
	Fatal lock manager error: inconsistent lock table version number; found 145, expected 17, errno: 183


DRFENAZEPAM-ой	Mon Aug 11 11:42:04 2014
	Database: D:\CLEVERFLOW\BWL.STORAGE.UNIVERSALORM\BWL.STORAGE.UNIVERSALORM\BWL.STORAGE.UNIVERSALORM.ADODB.TEST\DATA\TESTDB.FDB
	lock manager error
	inconsistent lock table version number; found 145, expected 17


DRFENAZEPAM-ой	Mon Aug 11 11:47:08 2014
	Fatal lock manager error: inconsistent lock table version number; found 145, expected 17, errno: 183


DRFENAZEPAM-ой	Mon Aug 11 11:47:08 2014
	Database: D:\CLEVERFLOW\BWL.STORAGE.UNIVERSALORM\BWL.STORAGE.UNIVERSALORM\BWL.STORAGE.UNIVERSALORM.ADODB.TEST\DATA\TESTDB.FDB
	lock manager error
	inconsistent lock table version number; found 145, expected 17


DRFENAZEPAM-ой	Mon Aug 11 15:52:01 2014
	Fatal lock manager error: inconsistent lock table version number; found 145, expected 17, errno: 183


DRFENAZEPAM-ой	Mon Aug 11 15:52:01 2014
	Database: D:\CLEVERFLOW\BWL.STORAGE.UNIVERSALORM\BWL.STORAGE.UNIVERSALORM\BWL.STORAGE.UNIVERSALORM.ADODB.TEST\DATA\TESTDB.FDB
	lock manager error
	inconsistent lock table version number; found 145, expected 17


DRFENAZEPAM-ой	Tue Aug 12 08:27:40 2014
	Shutting down the server with 0 active connection(s) to 0 database(s), 2 active service(s)


DRFENAZEPAM-ой	Thu Aug 14 10:06:00 2014
	Shutting down the server with 1 active connection(s) to 1 database(s), 0 active service(s)


DRFENAZEPAM-ой	Fri Aug 15 08:28:44 2014
	Shutting down the server with 1 active connection(s) to 1 database(s), 0 active service(s)


DRFENAZEPAM-ой	Fri Aug 15 08:30:19 2014
	Shutting down the server with 1 active connection(s) to 1 database(s), 0 active service(s)


DRFENAZEPAM-ой	Fri Aug 15 08:31:04 2014
	Shutting down the server with 1 active connection(s) to 1 database(s), 0 active service(s)


DRFENAZEPAM-ой	Fri Aug 15 08:35:05 2014
	Shutting down the server with 1 active connection(s) to 1 database(s), 0 active service(s)


DRFENAZEPAM-ой	Fri Aug 15 08:57:55 2014
	Shutting down the server with 1 active connection(s) to 1 database(s), 0 active service(s)


DRFENAZEPAM-ой	Fri Aug 15 09:00:30 2014
	Shutting down the server with 1 active connection(s) to 1 database(s), 0 active service(s)


DRFENAZEPAM-ой	Fri Aug 15 10:24:27 2014
	Shutting down the server with 1 active connection(s) to 1 database(s), 0 active service(s)


DRFENAZEPAM-ой	Fri Aug 15 10:50:09 2014
	Shutting down the server with 1 active connection(s) to 1 database(s), 0 active service(s)


DRFENAZEPAM-ой	Fri Aug 15 16:16:22 2014
	Shutting down the server with 3 active connection(s) to 1 database(s), 0 active service(s)

